<?xml version="1.0" encoding="UTF-8"?>
<!-- Generated by org.testng.reporters.JUnitXMLReporter -->
<testsuite hostname="Dell-PC" name="Test" tests="2" failures="0" timestamp="29 Jun 2019 09:46:12 GMT" time="0.169" errors="0">
  <testcase name="@BeforeMethod setup" time="0.0" classname="com.qa.visionit_TestCase.LoginPageTest">
    <failure type="java.lang.NullPointerException">
      <![CDATA[java.lang.NullPointerException
	at com.qa.visionit_base.BaseClass.startBrowser(BaseClass.java:100)
	at com.qa.visionit_TestCase.LoginPageTest.setup(LoginPageTest.java:27)
... Removed 26 stack frames]]>
    </failure>
  </testcase> <!-- @BeforeMethod setup -->
  <testcase name="@AfterMethod tearDown" time="0.0" classname="com.qa.visionit_TestCase.LoginPageTest">
    <skipped/>
  </testcase> <!-- @AfterMethod tearDown -->
  <testcase name="@BeforeMethod setup" time="0.0" classname="com.qa.visionit_TestCase.LoginPageTest">
    <skipped/>
  </testcase> <!-- @BeforeMethod setup -->
  <testcase name="@AfterMethod tearDown" time="0.0" classname="com.qa.visionit_TestCase.LoginPageTest">
    <skipped/>
  </testcase> <!-- @AfterMethod tearDown -->
  <testcase name="verifyLoginPageTitleTest" time="0.004" classname="com.qa.visionit_TestCase.LoginPageTest">
    <skipped/>
  </testcase> <!-- verifyLoginPageTitleTest -->
  <testcase name="verifyLogintoFreeCrmProTest" time="0.0" classname="com.qa.visionit_TestCase.LoginPageTest">
    <skipped/>
  </testcase> <!-- verifyLogintoFreeCrmProTest -->
</testsuite> <!-- Test -->
