<?xml version="1.0" encoding="UTF-8"?>
<testng-results skipped="0" failed="0" total="2" passed="2">
  <reporter-output>
    <line>
      <![CDATA[Initializing the Excel Config and extents Reporters  ]]>
    </line>
    <line>
      <![CDATA[Succesfully done initialization  ]]>
    </line>
    <line>
      <![CDATA[Browser started and navigating to testing server]]>
    </line>
    <line>
      <![CDATA[Succesfuly navigated  to the login page ]]>
    </line>
    <line>
      <![CDATA[Test started and verifying Title of the Login Page]]>
    </line>
    <line>
      <![CDATA[veried Title of the Login Page]]>
    </line>
    <line>
      <![CDATA[generating and attaching screen shots ]]>
    </line>
    <line>
      <![CDATA[generated  and attached the  screen shots and test will be completed.. ]]>
    </line>
    <line>
      <![CDATA[Browser started and navigating to testing server]]>
    </line>
    <line>
      <![CDATA[Succesfuly navigated  to the login page ]]>
    </line>
    <line>
      <![CDATA[Eneter username and password to the Text field  ]]>
    </line>
    <line>
      <![CDATA[Navigating to home page of the application ]]>
    </line>
    <line>
      <![CDATA[generating and attaching screen shots ]]>
    </line>
    <line>
      <![CDATA[generated  and attached the  screen shots and test will be completed.. ]]>
    </line>
  </reporter-output>
  <suite name="Default suite" duration-ms="32925" started-at="2019-07-15T11:08:48Z" finished-at="2019-07-15T11:09:21Z">
    <groups>
    </groups>
    <test name="Default test" duration-ms="32925" started-at="2019-07-15T11:08:48Z" finished-at="2019-07-15T11:09:21Z">
      <class name="com.qa.visionit_TestCase.LoginPageTest">
        <test-method status="PASS" signature="beforeSuite()[pri:0, instance:com.qa.visionit_TestCase.LoginPageTest@e45eb6]" name="beforeSuite" is-config="true" duration-ms="934" started-at="2019-07-15T16:38:47Z" finished-at="2019-07-15T16:38:48Z">
          <reporter-output>
            <line>
              <![CDATA[Initializing the Excel Config and extents Reporters  ]]>
            </line>
            <line>
              <![CDATA[Succesfully done initialization  ]]>
            </line>
          </reporter-output>
        </test-method> <!-- beforeSuite -->
        <test-method status="PASS" signature="setup()[pri:0, instance:com.qa.visionit_TestCase.LoginPageTest@e45eb6]" name="setup" is-config="true" duration-ms="13048" started-at="2019-07-15T16:38:48Z" finished-at="2019-07-15T16:39:01Z">
          <reporter-output>
            <line>
              <![CDATA[Browser started and navigating to testing server]]>
            </line>
            <line>
              <![CDATA[Succesfuly navigated  to the login page ]]>
            </line>
          </reporter-output>
        </test-method> <!-- setup -->
        <test-method status="PASS" signature="verifyLoginPageTitleTest()[pri:0, instance:com.qa.visionit_TestCase.LoginPageTest@e45eb6]" name="verifyLoginPageTitleTest" duration-ms="44" started-at="2019-07-15T16:39:01Z" finished-at="2019-07-15T16:39:01Z">
          <reporter-output>
            <line>
              <![CDATA[Test started and verifying Title of the Login Page]]>
            </line>
            <line>
              <![CDATA[veried Title of the Login Page]]>
            </line>
          </reporter-output>
        </test-method> <!-- verifyLoginPageTitleTest -->
        <test-method status="PASS" signature="tearDown(org.testng.ITestResult)[pri:0, instance:com.qa.visionit_TestCase.LoginPageTest@e45eb6]" name="tearDown" is-config="true" duration-ms="2538" started-at="2019-07-15T16:39:01Z" finished-at="2019-07-15T16:39:04Z">
          <params>
            <param index="0">
              <value>
                <![CDATA[[TestResult name=verifyLoginPageTitleTest status=SUCCESS method=LoginPageTest.verifyLoginPageTitleTest()[pri:0, instance:com.qa.visionit_TestCase.LoginPageTest@e45eb6] output=Test started and verifying Title of the Login Page]]]>
              </value>
            </param>
          </params>
          <reporter-output>
            <line>
              <![CDATA[generating and attaching screen shots ]]>
            </line>
            <line>
              <![CDATA[generated  and attached the  screen shots and test will be completed.. ]]>
            </line>
          </reporter-output>
        </test-method> <!-- tearDown -->
        <test-method status="PASS" signature="setup()[pri:0, instance:com.qa.visionit_TestCase.LoginPageTest@e45eb6]" name="setup" is-config="true" duration-ms="9783" started-at="2019-07-15T16:39:04Z" finished-at="2019-07-15T16:39:14Z">
          <reporter-output>
            <line>
              <![CDATA[Browser started and navigating to testing server]]>
            </line>
            <line>
              <![CDATA[Succesfuly navigated  to the login page ]]>
            </line>
          </reporter-output>
        </test-method> <!-- setup -->
        <test-method status="PASS" signature="verifyLogintoFreeCrmProTest(java.lang.String, java.lang.String)[pri:0, instance:com.qa.visionit_TestCase.LoginPageTest@e45eb6]" name="verifyLogintoFreeCrmProTest" duration-ms="5578" started-at="2019-07-15T16:39:14Z" data-provider="getExcelData" finished-at="2019-07-15T16:39:19Z">
          <params>
            <param index="0">
              <value>
                <![CDATA[Vasant]]>
              </value>
            </param>
            <param index="1">
              <value>
                <![CDATA[Vasant123]]>
              </value>
            </param>
          </params>
          <reporter-output>
            <line>
              <![CDATA[Eneter username and password to the Text field  ]]>
            </line>
            <line>
              <![CDATA[Navigating to home page of the application ]]>
            </line>
          </reporter-output>
        </test-method> <!-- verifyLogintoFreeCrmProTest -->
        <test-method status="PASS" signature="tearDown(org.testng.ITestResult)[pri:0, instance:com.qa.visionit_TestCase.LoginPageTest@e45eb6]" name="tearDown" is-config="true" duration-ms="1895" started-at="2019-07-15T16:39:19Z" finished-at="2019-07-15T16:39:21Z">
          <params>
            <param index="0">
              <value>
                <![CDATA[[TestResult name=verifyLogintoFreeCrmProTest status=SUCCESS method=LoginPageTest.verifyLogintoFreeCrmProTest(java.lang.String, java.lang.String)[pri:0, instance:com.qa.visionit_TestCase.LoginPageTest@e45eb6] output=Eneter username and password to the Text field  ]]]>
              </value>
            </param>
          </params>
          <reporter-output>
            <line>
              <![CDATA[generating and attaching screen shots ]]>
            </line>
            <line>
              <![CDATA[generated  and attached the  screen shots and test will be completed.. ]]>
            </line>
          </reporter-output>
        </test-method> <!-- tearDown -->
      </class> <!-- com.qa.visionit_TestCase.LoginPageTest -->
    </test> <!-- Default test -->
  </suite> <!-- Default suite -->
</testng-results>
