<?xml version="1.0" encoding="UTF-8"?>
<!-- Generated by org.testng.reporters.JUnitXMLReporter -->
<testsuite hostname="AbhijitSargar" name="Default test" tests="2" failures="0" timestamp="15 Jul 2019 10:53:58 GMT" time="31.319" errors="0">
  <testcase name="verifyLoginPageTitleTest" time="0.044" classname="com.qa.visionit_TestCase.LoginPageTest"/>
  <testcase name="verifyLogintoFreeCrmProTest" time="6.19" classname="com.qa.visionit_TestCase.LoginPageTest"/>
</testsuite> <!-- Default test -->
